#separator \x09
#set_separator	,
#empty_field	(empty)
#unset_field	-
#path	stats
#open	2016-12-28-16-04-43
#fields	ts	peer	mem	pkts_proc	bytes_recv	pkts_dropped	pkts_link	pkt_lag	events_proc	events_queued	active_tcp_conns	active_udp_conns	active_icmp_conns	tcp_conns	udp_conns	icmp_conns	timers	active_timers	files	active_files	dns_requests	active_dns_requests	reassem_tcp_size	reassem_file_size	reassem_frag_size	reassem_unknown_size
#types	time	string	count	count	count	count	count	interval	count	count	count	count	count	count	count	count	count	count	count	count	count	count	count	count	count	count
1258569167.087257	bro	55	2	1524	-	-	-	402	15	1	0	0	1	0	0	36	32	0	0	0	0	1408	0	0	0
1258569469.460219	bro	59	1053	789179	-	-	-	733	732	4	3	0	9	23	0	655	49	16	0	0	0	1408	0	0	0
1258569771.720013	bro	59	882	711091	-	-	-	164	160	1	1	0	3	6	0	566	36	2	0	0	0	1408	0	0	0
1258570073.023960	bro	62	1110	827850	-	-	-	1118	1119	2	2	0	8	7	0	695	39	33	0	1	1	0	0	0	0
1258570380.551144	bro	62	887	705911	-	-	-	226	229	2	1	0	4	9	0	559	35	2	0	0	1	1344	0	0	0
1258570682.022425	bro	62	1142	858365	-	-	-	645	641	1	3	0	7	30	0	693	39	11	0	1	1	0	0	0	0
1258570983.914402	bro	62	752	606628	-	-	-	167	172	1	2	0	2	7	0	541	33	2	0	0	1	0	0	0	0
1258571283.914410	bro	63	648	518720	-	-	-	233	227	2	2	0	7	7	0	560	43	5	0	0	0	0	0	0	0
1258571590.535718	bro	63	767	637985	-	-	-	222	226	1	3	0	2	14	0	563	36	2	0	0	0	1344	0	0	0
1258571891.133302	bro	63	1704	1186520	-	-	-	2138	2134	7	2	0	36	26	0	1011	67	64	0	0	0	0	0	0	0
1258572194.276536	bro	63	757	623672	-	-	-	139	144	2	1	0	4	7	0	623	35	2	0	0	0	1344	0	0	0
1258572496.255762	bro	64	781	586656	-	-	-	600	609	2	1	0	6	13	0	606	45	12	0	0	0	1344	0	0	0
1258572798.238973	bro	64	540	468428	-	-	-	665	670	1	2	0	2	6	0	528	39	16	0	0	0	1344	0	0	0
1258573099.184594	bro	64	851	651666	-	-	-	1125	1115	2	2	0	5	23	0	631	43	25	0	0	0	0	0	0	0
1258573402.759316	bro	65	823	665503	-	-	-	732	742	1	1	0	2	6	0	532	37	17	0	0	0	1344	0	0	0
1258573703.485081	bro	65	738	509057	-	-	-	1228	1218	1	3	0	8	11	0	585	36	34	0	0	0	0	0	0	0
1258574013.914421	bro	65	122	60891	-	-	-	141	132	1	2	0	2	6	0	344	38	1	0	0	0	0	0	0	0
1258574313.914427	bro	65	1597	1147865	-	-	-	937	940	1	1	0	17	16	0	573	37	24	0	0	0	0	0	0	0
1258574643.914422	bro	65	129	18807	-	-	-	368	368	2	1	0	5	12	0	426	43	8	0	0	0	0	0	0	0
1258574943.914430	bro	65	57	9083	-	-	-	129	130	0	1	0	1	5	0	371	31	2	0	0	0	0	0	0	0
1258575260.491848	bro	65	86	13103	-	-	-	266	267	2	1	0	3	9	0	383	37	5	0	0	0	0	0	0	0
1258575573.914398	bro	65	80	12538	-	-	-	162	157	0	2	0	1	9	0	376	36	1	0	0	0	0	0	0	0
1258575873.914422	bro	65	109	25296	-	-	-	293	297	1	1	0	4	7	0	356	34	8	0	1	1	0	0	0	0
1258576203.914422	bro	65	54	5929	-	-	-	101	99	0	2	0	0	7	0	328	34	0	0	0	1	0	0	0	0
1258576516.651225	bro	65	95	20130	-	-	-	285	285	2	3	0	5	8	0	446	43	7	0	1	1	0	0	0	0
1258576833.914435	bro	65	92	16284	-	-	-	186	185	0	1	0	2	7	0	438	34	2	0	0	1	0	0	0	0
1258577163.914406	bro	65	109	26535	-	-	-	315	317	1	1	0	3	4	0	384	34	8	0	0	0	0	0	0	0
1258577465.808456	bro	65	57	6412	-	-	-	104	108	0	3	0	0	10	0	381	36	0	0	0	0	0	0	0	0
1258577769.155861	bro	68	1781	1357045	-	-	-	2746	2742	4	2	0	117	8	0	696	104	64	0	2	2	0	0	0	0
1258578093.914422	bro	69	3305	3088897	-	-	-	3299	3298	4	3	0	25	55	0	896	49	64	0	0	0	0	0	0	0
1258578401.588494	bro	70	3398	2958641	-	-	-	4215	4216	11	2	0	68	197	0	1307	56	21	0	2	1	0	0	0	0
1258578714.960964	bro	70	168	44930	-	-	-	462	466	0	2	0	8	10	0	564	38	9	0	0	1	0	0	0	0
1258579023.914407	bro	70	420	205793	-	-	-	942	940	0	3	0	22	15	0	653	52	25	0	2	2	0	0	0	0
1258579332.405445	bro	71	520	174392	-	-	-	2132	2127	0	1	0	16	260	0	841	36	16	0	0	0	0	0	0	0
1258579653.914419	bro	71	100	12897	-	-	-	213	216	0	2	0	3	10	0	369	34	2	0	0	0	0	0	0	0
1258579953.914437	bro	71	22	2435	-	-	-	23	22	0	1	0	0	2	0	318	33	0	0	0	0	0	0	0	0
1258580283.914399	bro	72	457	159905	-	-	-	1798	1799	1	3	0	3	138	0	715	38	5	0	0	0	0	0	0	0
1258580583.914410	bro	72	116	35332	-	-	-	415	414	1	1	0	4	5	0	383	41	10	0	0	0	0	0	0	0
1258580883.914656	bro	72	447	153042	-	-	-	1663	1666	2	35	0	3	133	0	610	105	4	0	0	0	0	0	0	0
1258581183.914657	bro	72	66	7098	-	-	-	145	142	0	1	0	0	8	0	357	33	0	0	0	0	0	0	0	0
1258581483.914659	bro	72	902	773417	-	-	-	421	420	0	2	0	13	3	0	414	49	15	0	0	0	0	0	0	0
1258581783.914779	bro	72	531	189840	-	-	-	2016	2018	8	24	0	11	133	0	662	108	10	0	1	0	0	0	0	0
1258582083.914781	bro	72	3043	2150258	-	-	-	5471	5473	1	1	0	60	72	0	1352	39	115	0	2	1	0	0	0	0
1258582395.404883	bro	73	971	632857	-	-	-	1136	1140	1	2	0	17	11	0	660	43	29	0	1	1	0	0	0	0
1258582713.914641	bro	73	5540	4395823	-	-	-	2499	2491	2	2	0	16	140	0	976	42	21	0	2	0	0	0	0	0
1258583013.914680	bro	73	34	3303	-	-	-	26	28	0	1	0	0	1	0	307	32	0	0	0	0	0	0	0	0
1258583343.914752	bro	73	95	17864	-	-	-	169	167	0	1	0	1	9	0	365	35	1	0	0	0	0	0	0	0
1258583673.914712	bro	73	407	153212	-	-	-	1486	1490	2	2	0	3	111	0	587	40	4	0	0	0	0	0	0	0
1258584003.914707	bro	73	157	42648	-	-	-	400	399	2	2	0	4	9	0	435	42	8	0	0	0	0	0	0	0
1258584322.735559	bro	73	81	25372	-	-	-	271	268	1	2	0	2	3	0	409	38	7	0	0	0	0	0	0	0
1258584633.914596	bro	73	542	200316	-	-	-	2099	2102	2	2	0	9	139	0	752	47	16	0	0	0	0	0	0	0
1258584933.914732	bro	73	49	5545	-	-	-	96	96	0	1	0	1	3	0	340	31	2	0	0	0	0	0	0	0
1258585263.914393	bro	73	28	3121	-	-	-	39	39	0	1	0	0	3	0	344	31	0	0	0	0	0	0	0	0
1258585593.914403	bro	73	434	154371	-	-	-	1633	1632	2	1	0	6	124	0	661	37	4	0	0	0	0	0	0	0
1258585923.914410	bro	73	88	12277	-	-	-	193	193	1	1	0	3	4	0	386	37	4	0	0	0	0	0	0	0
1258586241.832725	bro	73	182	30799	-	-	-	546	548	1	2	0	17	14	0	529	44	15	0	0	0	0	0	0	0
1258586553.914401	bro	73	478	165398	-	-	-	1907	1902	0	1	0	17	129	0	734	35	13	0	0	0	0	0	0	0
1258586853.914423	bro	73	45	4980	-	-	-	91	95	0	2	0	0	7	0	297	32	0	0	0	0	0	0	0	0
1258587153.914424	bro	73	32	3395	-	-	-	50	46	0	1	0	0	3	0	297	35	0	0	0	0	0	0	0	0
1258587453.914474	bro	74	593	314889	-	-	-	1674	1677	0	2	0	9	108	0	686	38	8	0	0	0	0	0	0	0
1258587756.292551	bro	74	190	62346	-	-	-	707	707	4	1	0	6	11	0	416	53	17	0	0	0	0	0	0	0
1258588072.264685	bro	74	42	3821	-	-	-	32	37	0	2	0	0	4	0	401	35	0	0	0	0	0	0	0	0
1258588383.914407	bro	74	446	159606	-	-	-	1655	1651	0	1	0	2	130	0	614	32	3	0	0	0	0	0	0	0
1258588683.914442	bro	74	271	80234	-	-	-	1206	1202	0	2	0	25	14	0	672	42	29	0	0	0	0	0	0	0
1258588985.464350	bro	74	292	70213	-	-	-	679	681	3	7	0	10	35	2	602	50	3	0	0	0	0	0	0	0
1258589287.188011	bro	74	480	163669	-	-	-	1492	1498	0	3	0	33	23	0	738	56	38	0	0	0	0	0	0	0
1258589587.281048	bro	74	908	723375	-	-	-	357	349	2	1	0	7	12	0	485	41	9	0	1	1	0	0	0	0
1258589913.914420	bro	74	24005	21792290	-	-	-	1951	1954	0	1	0	38	36	9	891	53	39	0	0	0	0	0	0	0
1258590243.252572	bro	74	36	6551	-	-	-	43	56	0	2	0	0	5	1	322	32	0	0	0	0	0	0	0	0
1258590543.914401	bro	74	22	2193	-	-	-	46	30	0	1	0	0	1	0	271	35	0	0	0	0	0	0	0	0
1258590843.914413	bro	74	20	1930	-	-	-	17	19	0	1	0	0	0	0	265	33	0	0	0	0	0	0	0	0
1258591173.914425	bro	74	26	2917	-	-	-	24	24	0	2	0	0	1	0	293	34	0	0	0	0	0	0	0	0
1258591503.914423	bro	74	30	3711	-	-	-	30	30	0	1	0	0	2	0	342	33	0	0	0	0	0	0	0	0
1258591804.621816	bro	74	153	14981	-	-	-	364	363	0	1	2	0	21	3	365	36	0	0	0	0	0	0	0	0
1258592111.121684	bro	74	73	7337	-	-	-	133	142	0	5	3	0	12	3	341	41	0	0	0	0	0	0	0	0
1258592411.428951	bro	74	2996	3201659	-	-	-	1191	1186	1	6	0	7	40	0	612	50	16	0	10	4	0	0	0	0
1258592733.914397	bro	74	3985	3433939	-	-	-	8509	8510	0	2	0	32	27	0	1086	33	242	0	49	20	0	0	0	0
1258593033.914414	bro	74	64514	79682213	-	-	-	2139	2137	3	3	0	56	28	0	908	49	43	0	0	20	0	0	0	0
1258593337.621844	bro	74	581	366149	-	-	-	905	905	0	8	0	16	42	0	564	52	11	0	0	20	0	0	0	0
1258593663.914393	bro	74	517	307120	-	-	-	1122	1124	0	1	0	28	25	0	735	29	30	0	0	20	0	0	0	0
1258593963.914407	bro	74	908	776600	-	-	-	614	611	1	7	0	20	23	0	553	44	13	0	0	20	0	0	0	0
1258594263.914411	bro	76	26999	24766515	-	-	-	10270	10270	3	1	0	60	35	0	1693	50	262	1	0	20	0	0	0	0
1258594563.914413	bro	76	26436	24367447	-	-	-	73	74	2	2	0	5	3	0	923	39	0	1	0	20	0	0	0	0
1258594864.013374	bro	76	28918	26283595	-	-	-	86	83	2	4	0	4	7	0	891	47	0	1	0	20	1440	0	0	0
1258595164.052282	bro	76	28012	27086980	-	-	-	349	348	3	3	0	5	25	0	932	47	1	1	0	20	1440	0	0	0
1258595464.176655	bro	76	30234	29631534	-	-	-	403	407	2	2	0	11	12	0	932	39	10	1	0	20	1352	0	0	0
1258595764.190115	bro	78	130576	145431519	-	-	-	6115	6111	5	2	0	166	17	0	1914	51	79	2	0	20	4232	33232	0	0
1258596080.307363	bro	78	19697	18727095	-	-	-	430	435	2	2	0	11	8	0	843	38	14	0	0	20	0	0	0	0
1258596393.914415	bro	83	18771	20196789	-	-	-	7716	7716	1	2	0	67	8	0	1024	44	34	7	0	20	0	1055896	0	0
1258596712.798012	bro	84	427	81684	-	-	-	1440	1438	1	2	0	39	10	0	666	66	29	1	0	20	0	30168	0	0
1258597021.112692	bro	86	6203	6596404	-	-	-	4663	4664	2	1	0	37	10	0	732	37	21	0	0	20	0	0	0	0
1258597323.914397	bro	86	35	3911	-	-	-	67	64	1	1	0	0	4	0	314	38	0	0	0	20	0	0	0	0
1258597653.914398	bro	86	69	8978	-	-	-	147	151	1	2	0	2	13	0	410	36	0	0	0	20	0	0	0	0
1258597953.914422	bro	86	32	3395	-	-	-	49	47	0	2	0	0	3	0	299	33	0	0	0	20	0	0	0	0
1258598257.650038	bro	86	71	9389	-	-	-	187	186	2	3	0	2	8	0	299	42	1	0	0	20	0	0	0	0
1258598583.914405	bro	86	35	3781	-	-	-	57	55	0	2	0	0	4	0	348	36	0	0	0	20	0	0	0	0
1258598883.914428	bro	86	270	43107	-	-	-	1260	1260	0	2	0	28	14	0	578	36	50	0	0	20	0	0	0	0
1258599213.914395	bro	86	278	42448	-	-	-	1331	1333	0	1	0	31	7	0	586	33	58	0	0	20	0	0	0	0
1258599513.914399	bro	86	54	6599	-	-	-	90	89	0	1	0	2	8	0	383	34	0	0	0	20	0	0	0	0
1258599843.914406	bro	86	46	5053	-	-	-	72	75	0	1	0	0	6	0	372	32	0	0	0	20	0	0	0	0
1258600173.914384	bro	86	67	11136	-	-	-	152	148	0	1	0	2	9	0	368	35	1	0	0	20	0	0	0	0
1258600473.914402	bro	86	48	5852	-	-	-	78	80	0	1	0	0	6	0	348	33	0	0	0	20	0	0	0	0
1258600799.038177	bro	86	1020	798556	-	-	-	981	987	0	3	0	29	15	0	700	36	33	0	0	20	0	0	0	0
1258601103.914408	bro	86	71	11553	-	-	-	168	161	0	2	0	1	10	0	343	35	1	0	0	20	0	0	0	0
1258601403.914423	bro	86	30	3265	-	-	-	38	42	0	1	0	2	4	0	320	30	0	0	0	20	0	0	0	0
1258601725.508415	bro	86	34	3609	-	-	-	47	52	0	2	0	0	4	0	297	32	0	0	0	20	0	0	0	0
1258602033.914407	bro	86	49	6414	-	-	-	98	88	0	1	0	0	8	0	358	35	0	0	0	20	0	0	0	0
1258602363.914395	bro	86	39	4827	-	-	-	51	54	0	1	0	0	4	0	318	32	0	0	0	20	0	0	0	0
1258602663.914405	bro	86	44	4860	-	-	-	74	71	0	2	0	0	5	0	327	36	0	0	0	20	0	0	0	0
1258602963.914406	bro	86	130	21678	-	-	-	398	401	0	3	0	11	7	0	411	49	14	0	0	20	0	0	0	0
1258603263.914418	bro	86	43	4613	-	-	-	73	71	0	2	0	0	4	0	298	35	0	0	0	20	0	0	0	0
1258603563.914418	bro	86	25	2931	-	-	-	42	46	0	1	0	0	3	0	267	30	0	0	0	20	0	0	0	0
1258603863.914443	bro	86	37	4458	-	-	-	53	51	0	1	0	0	4	0	324	32	0	0	0	20	0	0	0	0
1258604193.914388	bro	86	60	7199	-	-	-	116	114	0	1	0	2	9	0	362	35	0	0	0	20	0	0	0	0
1258604493.914422	bro	86	70	13089	-	-	-	182	186	0	1	0	4	7	0	369	30	4	0	0	20	0	0	0	0
1258604812.940861	bro	86	61	8098	-	-	-	131	130	0	2	0	0	12	0	413	33	0	0	0	20	0	0	0	0
1258605123.914397	bro	86	34	3588	-	-	-	51	48	0	1	0	0	3	0	322	34	0	0	0	20	0	0	0	0
1258605423.914439	bro	86	45	5452	-	-	-	68	72	0	6	0	0	6	0	348	36	0	0	0	20	0	0	0	0
1258605753.914401	bro	86	27	3167	-	-	-	35	31	0	2	0	0	2	0	321	35	0	0	0	20	0	0	0	0
1258606053.914406	bro	86	40	4357	-	-	-	62	65	0	1	0	2	4	0	274	31	0	0	0	20	0	0	0	0
1258606353.914408	bro	86	50	6266	-	-	-	77	77	0	3	0	0	7	0	376	33	0	0	0	20	0	0	0	0
1258606683.914399	bro	86	41	4697	-	-	-	69	66	0	1	0	0	4	0	302	34	0	0	0	20	0	0	0	0
1258607013.914412	bro	86	46	5053	-	-	-	70	72	0	2	0	0	5	0	323	33	0	0	0	20	0	0	0	0
1258607319.034050	bro	86	42	5168	-	-	-	78	76	0	1	0	0	6	0	278	34	0	0	0	20	0	0	0	0
1258607643.914395	bro	86	67	7277	-	-	-	126	128	0	1	0	6	8	0	352	33	0	0	0	20	0	0	0	0
1258607948.127237	bro	86	956	773111	-	-	-	871	875	1	3	0	29	10	0	627	43	30	0	0	20	88	0	0	0
1258608248.331702	bro	86	52	6856	-	-	-	116	111	0	5	0	0	9	0	330	40	0	0	0	20	0	0	0	0
1258608573.914425	bro	85	207	105469	-	-	-	441	441	0	1	0	8	11	0	463	35	6	0	0	20	0	0	0	0
1258608903.914433	bro	85	34	3588	-	-	-	46	47	0	1	0	0	3	0	318	32	0	0	0	20	0	0	0	0
1258609233.914405	bro	85	49	6010	-	-	-	84	81	0	1	0	0	7	0	329	35	0	0	0	20	0	0	0	0
1258609533.914407	bro	85	53	5703	-	-	-	89	91	0	1	0	6	5	0	343	33	0	0	0	20	0	0	0	0
1258609833.914407	bro	85	43	4613	-	-	-	71	70	0	1	0	0	4	0	325	34	0	0	0	20	0	0	0	0
1258610163.058606	bro	85	46	5952	-	-	-	56	58	0	2	0	0	7	0	347	34	0	0	0	20	0	0	0	0
1258610463.914394	bro	85	117	19623	-	-	-	401	400	0	3	0	9	6	0	380	35	14	0	0	20	0	0	0	0
1258610793.914406	bro	85	44	5652	-	-	-	77	81	0	2	0	0	8	0	376	32	0	0	0	20	0	0	0	0
1258611104.923089	bro	85	36	4009	-	-	-	56	51	0	2	0	0	3	0	300	35	0	0	0	20	0	0	0	0
1258611423.914401	bro	85	50	5924	-	-	-	92	94	0	1	0	0	7	0	349	32	0	0	0	20	0	0	0	0
1258611753.914411	bro	85	52	6705	-	-	-	96	94	0	2	0	0	8	0	358	36	0	0	0	20	0	0	0	0
1258612083.914402	bro	85	49	5667	-	-	-	100	103	0	1	0	0	9	0	302	32	0	0	0	20	0	0	0	0
1258612383.914421	bro	85	32	3395	-	-	-	49	45	0	1	0	0	3	0	297	35	0	0	0	20	0	0	0	0
1258612713.914402	bro	85	50	5869	-	-	-	76	82	0	1	0	0	7	0	296	30	0	0	0	20	0	0	0	0
1258613013.914411	bro	85	33	4523	-	-	-	58	55	0	1	0	0	5	0	326	32	0	0	0	20	0	0	0	0
1258613318.006901	bro	85	33	3491	-	-	-	47	49	0	3	0	0	4	0	298	38	0	0	0	20	0	0	0	0
1258613643.914423	bro	85	55	6967	-	-	-	79	79	0	2	0	0	8	0	371	32	0	0	0	20	0	0	0	0
1258613973.914400	bro	85	64	8249	-	-	-	166	161	0	1	0	4	4	0	371	35	4	0	0	20	0	0	0	0
1258614273.914422	bro	85	51	5474	-	-	-	86	89	0	1	0	2	7	0	377	32	0	0	0	20	0	0	0	0
1258614603.914437	bro	85	39	4651	-	-	-	57	55	0	1	0	0	5	0	374	34	0	0	0	20	0	0	0	0
1258614904.598547	bro	85	78	10999	-	-	-	177	178	3	2	0	3	8	0	368	44	4	0	0	20	0	0	0	0
1258615233.914387	bro	85	967	786655	-	-	-	665	668	0	2	0	15	9	0	523	32	24	0	0	20	0	0	0	0
1258615533.914417	bro	85	49	6525	-	-	-	102	97	0	2	0	0	8	0	334	36	0	0	0	20	0	0	0	0
1258615863.914404	bro	85	42	4449	-	-	-	62	66	0	1	0	2	5	0	375	31	0	0	0	20	0	0	0	0
1258616163.914414	bro	85	36	4211	-	-	-	51	52	0	1	0	0	4	0	270	30	0	0	0	20	0	0	0	0
1258616463.914419	bro	85	54	7070	-	-	-	94	92	0	3	0	0	9	0	356	34	0	0	0	20	0	0	0	0
1258616786.584550	bro	85	33	3513	-	-	-	46	49	0	2	0	0	3	0	292	31	0	0	0	20	0	0	0	0
1258617093.914433	bro	85	56	6816	-	-	-	95	95	0	3	0	0	9	0	306	32	0	0	0	20	0	0	0	0
1258617423.914393	bro	85	121	23443	-	-	-	397	391	0	2	0	10	6	0	437	50	14	0	0	20	0	0	0	0
1258617723.914441	bro	85	38	4009	-	-	-	58	59	0	4	0	0	5	0	272	38	0	0	0	20	0	0	0	0
1258618053.914446	bro	85	34	4284	-	-	-	41	45	0	1	0	0	4	0	343	30	0	0	0	20	0	0	0	0
1258618383.914409	bro	85	55	7054	-	-	-	121	122	0	1	0	1	5	0	352	29	0	0	0	20	0	0	0	0
1258618713.914388	bro	85	58	6793	-	-	-	133	131	0	1	0	0	10	0	384	31	0	0	0	20	0	0	0	0
1258619013.914395	bro	85	70	9305	-	-	-	154	154	0	2	0	2	9	0	369	32	0	0	0	20	0	0	0	0
1258619313.914401	bro	85	61	9926	-	-	-	143	139	1	2	0	2	9	0	402	38	1	0	0	20	0	0	0	0
1258619613.914430	bro	85	33	3266	-	-	-	46	51	0	1	0	1	2	0	293	30	0	0	0	20	0	0	0	0
1258619913.914430	bro	85	48	5676	-	-	-	80	79	0	2	0	0	7	0	377	32	0	0	0	20	0	0	0	0
1258620213.914439	bro	85	31	4027	-	-	-	52	48	0	1	0	0	5	0	328	35	0	0	0	20	0	0	0	0
1258620543.914404	bro	85	34	3588	-	-	-	41	46	0	1	0	0	3	0	314	30	0	0	0	20	0	0	0	0
1258620873.914422	bro	85	57	7181	-	-	-	84	85	0	1	0	0	9	0	429	30	0	0	0	20	0	0	0	0
1258621203.914414	bro	85	37	3963	-	-	-	66	63	0	1	0	0	4	0	324	32	0	0	0	20	0	0	0	0
1258621503.914427	bro	85	46	5570	-	-	-	80	77	0	2	0	0	7	0	303	36	0	0	0	20	0	0	0	0
1258621833.914426	bro	85	50	5775	-	-	-	78	81	0	2	0	3	6	0	335	34	0	0	0	20	0	0	0	0
1258622139.956085	bro	85	145	29541	-	-	-	449	451	0	3	0	12	9	0	426	47	14	0	0	20	0	0	0	0
1258622440.379738	bro	85	165	27877	-	-	-	537	535	0	4	0	13	12	0	487	39	14	0	0	20	0	0	0	0
1258622763.914394	bro	85	41	4934	-	-	-	99	101	0	2	0	0	8	0	324	32	0	0	0	20	0	0	0	0
1258623063.914409	bro	85	43	4991	-	-	-	95	90	0	1	0	1	3	0	307	35	2	0	0	20	0	0	0	0
1258623363.914416	bro	85	37	4458	-	-	-	49	54	0	1	0	0	5	0	342	30	0	0	0	20	0	0	0	0
1258623693.914415	bro	85	51	6292	-	-	-	85	83	0	1	0	0	7	0	327	32	0	0	0	20	0	0	0	0
1258624023.914407	bro	85	44	4281	-	-	-	74	71	0	1	0	3	4	0	363	35	0	0	0	20	0	0	0	0
1258624337.890460	bro	85	56	7106	-	-	-	80	84	0	2	0	0	9	0	375	33	0	0	0	20	0	0	0	0
1258624653.914401	bro	85	116	20833	-	-	-	383	380	0	3	0	8	5	0	427	48	14	0	0	20	0	0	0	0
1258624953.914406	bro	85	31	3148	-	-	-	44	46	0	2	0	0	2	0	293	33	0	0	0	20	0	0	0	0
1258625253.914416	bro	85	36	4599	-	-	-	57	55	0	1	0	0	6	0	324	34	0	0	0	20	0	0	0	0
1258625553.914431	bro	85	37	4634	-	-	-	53	55	0	1	0	0	4	0	294	32	0	0	0	20	0	0	0	0
1258625870.578474	bro	85	53	6171	-	-	-	115	112	0	1	0	0	8	0	332	35	0	0	0	20	0	0	0	0
1258626183.914394	bro	85	52	6899	-	-	-	94	96	0	2	0	0	9	0	351	34	0	0	0	20	0	0	0	0
1258626483.914402	bro	85	46	5216	-	-	-	96	97	0	1	0	0	7	0	302	32	0	0	0	20	0	0	0	0
1258626783.914402	bro	85	25	2993	-	-	-	26	23	0	3	0	0	2	0	271	37	0	0	0	20	0	0	0	0
1258627084.540367	bro	85	39	4105	-	-	-	57	64	0	3	0	0	5	0	294	34	0	0	0	20	0	0	0	0
1258627413.914410	bro	85	44	5582	-	-	-	70	68	0	1	0	0	5	0	322	30	0	0	0	20	0	0	0	0
1258627725.313720	bro	85	33	3459	-	-	-	48	47	0	1	0	0	3	0	296	31	0	0	0	20	0	0	0	0
1258628043.914386	bro	85	56	7117	-	-	-	83	83	0	1	0	0	8	0	326	31	0	0	0	20	0	0	0	0
1258628343.914433	bro	85	36	3888	-	-	-	60	61	0	1	0	0	4	0	319	30	0	0	0	20	0	0	0	0
1258628673.914407	bro	85	49	6010	-	-	-	80	81	0	1	0	0	7	0	352	31	0	0	0	20	0	0	0	0
1258629003.914402	bro	85	38	4709	-	-	-	55	54	0	2	0	0	4	0	322	32	0	0	0	20	0	0	0	0
1258629303.914442	bro	85	69	9895	-	-	-	202	197	2	6	0	5	9	0	354	52	4	0	0	20	0	0	0	0
1258629633.914419	bro	85	173	33337	-	-	-	571	575	0	1	0	15	7	0	513	31	20	0	0	20	0	0	0	0
1258629963.914409	bro	85	41	4956	-	-	-	94	95	0	1	0	0	7	0	354	30	0	0	0	20	0	0	0	0
1258630293.914417	bro	85	46	5053	-	-	-	74	74	0	1	0	0	5	0	351	30	0	0	0	20	0	0	0	0
1258630593.914428	bro	85	37	4458	-	-	-	52	51	0	1	0	0	4	0	298	31	0	0	0	20	0	0	0	0
1258630923.914420	bro	85	167	84349	-	-	-	311	312	0	1	0	5	12	0	414	30	4	0	0	20	0	0	0	0
1258631253.914379	bro	85	34	3588	-	-	-	50	48	0	1	0	0	3	0	322	32	0	0	0	20	0	0	0	0
1258631553.914420	bro	85	55	6988	-	-	-	84	81	0	1	0	0	8	0	303	35	0	0	0	20	0	0	0	0
1258631853.914475	bro	85	107	19298	-	-	-	361	363	0	2	0	10	3	0	401	45	14	0	0	20	0	0	0	0
1258632154.316442	bro	85	38	4554	-	-	-	53	56	0	5	0	0	6	0	300	40	0	0	0	20	0	0	0	0
1258632483.914417	bro	85	46	5401	-	-	-	74	73	0	2	0	0	4	0	319	32	0	0	0	20	0	0	0	0
1258632813.914418	bro	85	35	4030	-	-	-	55	52	0	1	0	0	3	0	299	34	0	0	0	20	0	0	0	0
1258633143.914407	bro	85	64	8170	-	-	-	120	122	0	2	0	0	11	0	408	34	0	0	0	20	0	0	0	0
1258633443.914419	bro	85	165	83479	-	-	-	339	341	0	3	0	7	14	0	396	34	4	0	0	20	0	0	0	0
1258633743.914420	bro	85	51	5380	-	-	-	95	90	0	1	0	2	7	0	360	35	0	0	0	20	0	0	0	0
1258634073.914390	bro	85	39	4651	-	-	-	52	54	0	2	0	0	5	0	321	34	0	0	0	20	0	0	0	0
1258634373.914410	bro	85	42	5374	-	-	-	72	73	0	3	0	0	6	0	324	34	0	0	0	20	0	0	0	0
1258634703.914408	bro	85	32	3482	-	-	-	45	47	0	2	0	0	3	0	342	31	0	0	0	20	0	0	0	0
1258635033.914396	bro	85	45	5716	-	-	-	58	58	0	2	0	0	6	0	377	32	0	0	0	20	0	0	0	0
1258635348.175550	bro	85	51	5215	-	-	-	92	93	0	2	0	2	7	0	387	36	0	0	0	20	0	0	0	0
1258635663.914410	bro	85	35	3893	-	-	-	59	57	0	1	0	0	3	0	315	31	0	0	0	20	0	0	0	0
1258635963.914415	bro	85	49	5923	-	-	-	82	82	0	1	0	0	8	0	327	31	0	0	0	20	0	0	0	0
1258636293.914396	bro	85	51	5642	-	-	-	76	78	0	1	0	3	5	0	334	30	0	0	0	20	0	0	0	0
1258636593.914419	bro	85	257	100096	-	-	-	663	659	1	3	0	20	16	0	522	54	16	0	0	20	0	0	0	0
1258636923.914418	bro	85	120	18239	-	-	-	352	354	1	1	0	17	8	0	539	32	10	0	0	20	0	0	0	0
1258637223.914426	bro	85	35	3998	-	-	-	74	70	0	3	0	0	6	0	277	37	0	0	0	20	0	0	0	0
1258637553.914416	bro	85	50	5869	-	-	-	76	81	0	2	0	0	7	0	347	32	0	0	0	20	0	0	0	0
1258637883.914405	bro	85	41	4933	-	-	-	62	57	0	2	0	0	4	0	327	36	0	0	0	20	0	0	0	0
1258638183.914430	bro	85	44	4860	-	-	-	71	74	0	2	0	0	6	0	322	33	0	0	0	20	0	0	0	0
1258638513.914396	bro	85	53	5904	-	-	-	78	77	0	1	0	3	5	0	362	34	0	0	0	20	0	0	0	0
1258638813.914403	bro	85	45	5118	-	-	-	73	76	0	1	0	0	7	0	345	30	0	0	0	20	0	0	0	0
1258639113.914413	bro	85	100	13664	-	-	-	263	263	0	2	0	18	5	0	510	37	6	0	0	20	0	0	0	0
1258639443.914380	bro	85	40	4898	-	-	-	59	56	0	2	0	0	6	0	350	35	0	0	0	20	0	0	0	0
1258639743.914397	bro	85	39	4740	-	-	-	54	55	0	1	0	0	4	0	318	32	0	0	0	20	0	0	0	0
1258640043.914402	bro	85	36	4149	-	-	-	73	70	0	2	0	0	5	0	276	36	0	0	0	20	0	0	0	0
1258640343.914437	bro	85	61	7868	-	-	-	111	115	0	3	0	0	11	0	379	33	0	0	0	20	0	0	0	0
1258640673.914395	bro	85	39	4451	-	-	-	96	95	0	1	0	0	6	0	304	34	0	0	0	20	0	0	0	0
1258640973.914411	bro	85	44	4860	-	-	-	75	74	0	1	0	0	6	0	298	33	0	0	0	20	0	0	0	0
1258641274.294117	bro	85	30	3748	-	-	-	37	39	0	3	0	0	5	0	297	37	0	0	0	20	0	0	0	0
1258641574.674318	bro	85	42	5303	-	-	-	59	59	0	4	0	0	5	0	272	35	0	0	0	20	0	0	0	0
1258641903.914455	bro	85	37	3876	-	-	-	59	60	0	1	0	0	3	0	321	30	0	0	0	20	0	0	0	0
1258642233.914406	bro	85	45	5716	-	-	-	58	57	0	1	0	0	6	0	349	31	0	0	0	20	0	0	0	0
1258642533.914414	bro	85	44	4860	-	-	-	74	74	0	1	0	0	6	0	275	31	0	0	0	20	0	0	0	0
1258642833.914421	bro	85	40	4704	-	-	-	65	65	0	3	0	0	5	0	296	33	0	0	0	20	0	0	0	0
1258643139.609549	bro	85	45	5209	-	-	-	78	77	0	3	0	0	7	0	304	36	0	0	0	20	0	0	0	0
1258643446.930152	bro	85	26	3163	-	-	-	27	33	0	2	0	0	2	0	315	33	0	0	0	20	0	0	0	0
1258643747.328862	bro	85	142	26575	-	-	-	468	462	0	4	0	10	9	0	421	55	16	0	0	20	0	0	0	0
1258644063.914395	bro	85	129	23440	-	-	-	402	400	0	1	0	10	10	0	485	34	12	0	0	20	0	0	0	0
1258644363.914409	bro	85	45	8044	-	-	-	108	109	1	1	0	2	5	0	311	35	1	0	0	20	0	0	0	0
1258644693.914395	bro	85	48	5892	-	-	-	78	82	0	1	0	0	8	0	380	30	0	0	0	20	0	0	0	0
1258645023.914404	bro	85	43	5051	-	-	-	62	60	0	1	0	1	4	0	327	32	0	0	0	20	0	0	0	0
1258645353.914389	bro	85	110	42968	-	-	-	204	200	0	2	0	3	8	0	402	36	2	0	0	20	0	0	0	0
1258645653.914414	bro	85	41	5018	-	-	-	48	51	0	2	0	0	4	0	293	33	0	0	0	20	0	0	0	0
1258645953.914444	bro	85	34	3900	-	-	-	51	49	0	2	0	0	4	0	300	35	0	0	0	20	0	0	0	0
1258646283.914397	bro	85	121	20794	-	-	-	380	384	0	1	0	9	4	0	426	30	14	0	0	20	0	0	0	0
1258646583.914402	bro	85	37	4458	-	-	-	51	51	0	1	0	0	4	0	297	30	0	0	0	20	0	0	0	0
1258646883.914402	bro	85	51	6717	-	-	-	93	93	0	1	0	0	8	0	303	30	0	0	0	20	0	0	0	0
1258647183.914445	bro	85	36	4149	-	-	-	70	70	0	1	0	0	5	0	325	30	0	0	0	20	0	0	0	0
1258647513.914409	bro	85	63	8061	-	-	-	114	114	0	2	0	0	10	0	383	32	0	0	0	20	0	0	0	0
1258647813.914423	bro	85	154	73602	-	-	-	319	315	0	3	0	4	14	0	369	36	4	0	0	20	0	0	0	0
1258648141.387482	bro	85	36	4127	-	-	-	67	71	0	2	0	0	5	0	344	31	0	0	0	20	0	0	0	0
1258648443.914418	bro	85	334	301679	-	-	-	268	268	0	1	0	5	10	0	359	30	2	0	0	20	0	0	0	0
1258648757.465330	bro	85	38	4881	-	-	-	55	56	0	2	0	0	5	0	346	31	0	0	0	20	0	0	0	0
1258649073.914442	bro	85	45	4806	-	-	-	74	73	0	1	0	0	4	0	351	30	0	0	0	20	0	0	0	0
1258649373.915407	bro	85	2762	1837137	-	-	-	8281	8281	34	1	0	64	139	0	1817	221	166	1	0	20	0	0	0	0
1258649681.708754	bro	86	1366	624383	-	-	-	4563	4559	2	1	0	21	231	0	1727	44	43	0	0	20	0	0	0	0
1258649981.716223	bro	86	399	217148	-	-	-	1584	1590	22	11	0	22	20	0	540	130	33	0	0	20	0	0	0	0
1258650295.609238	bro	86	1129	510850	-	-	-	3668	3664	3	3	0	42	16	0	1058	45	50	0	0	20	0	0	0	0
1258650603.914383	bro	86	227	56331	-	-	-	662	661	0	1	0	8	24	1	580	35	6	0	0	20	0	0	0	0
1258650903.914403	bro	86	252	177719	-	-	-	434	437	3	3	0	7	8	0	444	45	11	0	0	20	0	0	0	0
1258651203.914414	bro	87	1677	890429	-	-	-	5767	5764	5	1	0	52	189	0	1455	45	94	0	0	20	0	0	0	0
1258651511.499120	bro	87	423	359053	-	-	-	745	747	2	1	0	5	8	0	499	35	18	0	0	20	0	0	0	0
1258651828.157132	bro	87	269	57809	-	-	-	842	845	2	4	0	9	31	0	539	43	14	0	0	20	0	0	0	0
1258652133.914392	bro	87	201	60976	-	-	-	796	791	1	2	0	5	5	0	452	37	21	0	0	20	0	0	0	0
1258652433.914406	bro	87	5878	5237440	-	-	-	16812	16811	16	6	0	99	76	0	1486	109	128	0	0	20	0	0	0	0
1258652763.914398	bro	87	593	278320	-	-	-	2008	2014	2	3	1	21	26	1	872	37	43	0	0	20	0	0	0	0
#close	2016-12-28-16-04-58
